<?xml version="1.0" encoding="UTF-8"?>
<testsuite xmlns:xsi="http://www.w3.org/2001/XMLSchema-instance" xsi:noNamespaceSchemaLocation="https://maven.apache.org/surefire/maven-surefire-plugin/xsd/surefire-test-report.xsd" name="JavaTest" time="0.18" tests="40" errors="0" skipped="0" failures="0">
  <properties>
[...]
</properties>
  <testcase name="testSingleFixedTypeVector" classname="JavaTest" time="0.022"/>
  <testcase name="testSingleElementInt" classname="JavaTest" time="0.009"/>
  <testcase name="testSingleElementMap" classname="JavaTest" time="0.002"/>
  <testcase name="TestFixedLengthArrays" classname="JavaTest" time="0.002"/>
  <testcase name="testFlexBufferVectorStrings" classname="JavaTest" time="0.06"/>
  <testcase name="TestSharedStringPool" classname="JavaTest" time="0.001"/>
  <testcase name="TestByteBufferFactory" classname="JavaTest" time="0.011"/>
  <testcase name="testHashMapToMap" classname="JavaTest" time="0.002"/>
  <testcase name="TestDictionaryLookup" classname="JavaTest" time="0"/>
  <testcase name="testSingleElementSmallString" classname="JavaTest" time="0.001"/>
  <testcase name="testFlexBuffersTest" classname="JavaTest" time="0.001"/>
  <testcase name="testSingleElementBlob" classname="JavaTest" time="0"/>
  <testcase name="testSingleElementByte" classname="JavaTest" time="0"/>
  <testcase name="testSingleElementLong" classname="JavaTest" time="0.001"/>
  <testcase name="testSingleElementUInt" classname="JavaTest" time="0"/>
  <testcase name="testSingleElementDouble" classname="JavaTest" time="0"/>
  <testcase name="TestCreateUninitializedVector" classname="JavaTest" time="0.001"/>
  <testcase name="testFlexBuferEmpty" classname="JavaTest" time="0"/>
  <testcase name="mainTest" classname="JavaTest" time="0.005"/>
  <testcase name="testFlexBuffersMapLookup" classname="JavaTest" time="0.001"/>
  <testcase name="testSingleElementUShort" classname="JavaTest" time="0"/>
  <testcase name="testFlatBufferBuilder" classname="JavaTest" time="0.001"/>
  <testcase name="testSingleElementVector" classname="JavaTest" time="0"/>
  <testcase name="TestSizedInputStream" classname="JavaTest" time="0.001"/>
  <testcase name="TestNestedFlatBuffer" classname="JavaTest" time="0"/>
  <testcase name="testSingleElementBoolean" classname="JavaTest" time="0.001"/>
  <testcase name="testFlexBuffersUtf8Map" classname="JavaTest" time="0"/>
  <testcase name="TestScalarOptional" classname="JavaTest" time="0.001"/>
  <testcase name="TestVectorOfBytes" classname="JavaTest" time="0.001"/>
  <testcase name="TestEnums" classname="JavaTest" time="0"/>
  <testcase name="testDeprecatedTypedVectorString" classname="JavaTest" time="0"/>
  <testcase name="TestNamespaceNesting" classname="JavaTest" time="0.001"/>
  <testcase name="testBuilderGrowth" classname="JavaTest" time="0"/>
  <testcase name="testSingleElementFloat" classname="JavaTest" time="0.001"/>
  <testcase name="testSingleElementShort" classname="JavaTest" time="0"/>
  <testcase name="testSingleElementUByte" classname="JavaTest" time="0"/>
  <testcase name="TestCreateByteVector" classname="JavaTest" time="0.001"/>
  <testcase name="testSingleElementBigString" classname="JavaTest" time="0"/>
  <testcase name="TestVectorOfUnions" classname="JavaTest" time="0.001"/>
  <testcase name="testSingleElementLongBlob" classname="JavaTest" time="0.028"/>
</testsuite>